<?xml version="1.0" encoding="UTF-8"?>
<!-- Generated by org.testng.reporters.JUnitReportReporter -->
<testsuite hostname="HIPUNL71802" name="greenKartTestCases.HomePageTest" tests="11" failures="0" timestamp="29 Jun 2020 13:51:25 GMT" time="71.114" errors="0">
  <testcase name="verifyDetailsOnSearchvegetable" time="5.537" classname="greenKartTestCases.HomePageTest"/>
  <testcase name="verify_added_vegetables_in_cart" time="15.906" classname="greenKartTestCases.HomePageTest"/>
  <testcase name="verifycartIcon" time="0.081" classname="greenKartTestCases.HomePageTest"/>
  <testcase name="verifyflightBookingLink" time="0.125" classname="greenKartTestCases.HomePageTest"/>
  <testcase name="verify_user_add_n_Kg_vegetable" time="3.739" classname="greenKartTestCases.HomePageTest"/>
  <testcase name="verifySearhFunctionality" time="2.728" classname="greenKartTestCases.HomePageTest"/>
  <testcase name="verifyTopDealsLink" time="0.177" classname="greenKartTestCases.HomePageTest"/>
  <testcase name="verifySearchVegetableIsNotPresent" time="4.283" classname="greenKartTestCases.HomePageTest"/>
  <testcase name="verifyitemsAndPriceSection" time="0.104" classname="greenKartTestCases.HomePageTest"/>
  <testcase name="verifyGreenKartLogo" time="0.145" classname="greenKartTestCases.HomePageTest"/>
  <testcase name="verify_user_is_able_to_add_multilpe_vegetables" time="38.289" classname="greenKartTestCases.HomePageTest"/>
</testsuite> <!-- greenKartTestCases.HomePageTest -->
