<?xml version="1.0" encoding="UTF-8"?>
<!-- Generated by org.testng.reporters.JUnitReportReporter -->
<testsuite hostname="HIPUNL71802" name="greenKartTestCases.FlightBookingTest" tests="9" failures="1" timestamp="29 Jun 2020 13:51:25 GMT" time="18.677" errors="0">
  <testcase name="verify_special_assistance_popup" time="0.446" classname="greenKartTestCases.FlightBookingTest"/>
  <testcase name="verify_multicity_popup" time="5.404" classname="greenKartTestCases.FlightBookingTest"/>
  <testcase name="verify_user_is_able_to_select_checkbox" time="1.105" classname="greenKartTestCases.FlightBookingTest"/>
  <testcase name="verify_user_is_able_to_select_passanger_details" time="2.693" classname="greenKartTestCases.FlightBookingTest"/>
  <testcase name="verify_user_is_able_to_select_currency" time="1.485" classname="greenKartTestCases.FlightBookingTest"/>
  <testcase name="verify_popup_is_displayed_if_passanger_limit_exceed" time="3.298" classname="greenKartTestCases.FlightBookingTest"/>
  <testcase name="verify_tooltip_for_student" time="0.082" classname="greenKartTestCases.FlightBookingTest">
    <failure type="java.lang.AssertionError" message="expected [Applicable for all students above the age of 12 years studying with a bonafide school/university. Limited inventory available. Valid photo ID and educational institute I-card need to be presented for verification at check-in. Bookings under this offer are refundable. Conditions applys.] but found [Applicable for all students above the age of 12 years studying with a bonafide school/university. Limited inventory available. Valid photo ID and educational institute I-card need to be presented for verification at check-in. Bookings under this offer are refundable. Conditions apply.]">
      <![CDATA[java.lang.AssertionError: expected [Applicable for all students above the age of 12 years studying with a bonafide school/university. Limited inventory available. Valid photo ID and educational institute I-card need to be presented for verification at check-in. Bookings under this offer are refundable. Conditions applys.] but found [Applicable for all students above the age of 12 years studying with a bonafide school/university. Limited inventory available. Valid photo ID and educational institute I-card need to be presented for verification at check-in. Bookings under this offer are refundable. Conditions apply.]
	at org.testng.Assert.fail(Assert.java:94)
	at org.testng.Assert.failNotEquals(Assert.java:513)
	at org.testng.Assert.assertEqualsImpl(Assert.java:135)
	at org.testng.Assert.assertEquals(Assert.java:116)
	at org.testng.Assert.assertEquals(Assert.java:190)
	at org.testng.Assert.assertEquals(Assert.java:200)
	at greenKartPages.FlightBookingPage.tooltip_for_student(FlightBookingPage.java:110)
	at greenKartTestCases.FlightBookingTest.verify_tooltip_for_student(FlightBookingTest.java:72)
	at sun.reflect.NativeMethodAccessorImpl.invoke0(Native Method)
	at sun.reflect.NativeMethodAccessorImpl.invoke(Unknown Source)
	at sun.reflect.DelegatingMethodAccessorImpl.invoke(Unknown Source)
	at java.lang.reflect.Method.invoke(Unknown Source)
	at org.testng.internal.MethodInvocationHelper.invokeMethod(MethodInvocationHelper.java:86)
	at org.testng.internal.Invoker.invokeMethod(Invoker.java:645)
	at org.testng.internal.Invoker.invokeTestMethod(Invoker.java:822)
	at org.testng.internal.Invoker.invokeTestMethods(Invoker.java:1130)
	at org.testng.internal.TestMethodWorker.invokeTestMethods(TestMethodWorker.java:129)
	at org.testng.internal.TestMethodWorker.run(TestMethodWorker.java:112)
	at java.util.concurrent.ThreadPoolExecutor.runWorker(Unknown Source)
	at java.util.concurrent.ThreadPoolExecutor$Worker.run(Unknown Source)
	at java.lang.Thread.run(Unknown Source)
]]>
    </failure>
  </testcase> <!-- verify_tooltip_for_student -->
  <testcase name="verify_user_is_able_to_select_from_to_details_for_one_wat_trip" time="1.391" classname="greenKartTestCases.FlightBookingTest"/>
  <testcase name="verify_user_is_able_to_navigate_to_Top_Deals_page" time="2.773" classname="greenKartTestCases.FlightBookingTest"/>
</testsuite> <!-- greenKartTestCases.FlightBookingTest -->
