<?xml version="1.0" encoding="UTF-8"?>
<!-- Generated by org.testng.reporters.JUnitReportReporter -->
<testsuite hostname="HIPUNL71802" name="grrenKartTestCases.HomePageTest" tests="9" failures="0" timestamp="27 Jun 2020 13:40:47 GMT" time="18.595" errors="0">
  <testcase name="verifySearhFunctionality" time="2.811" classname="grrenKartTestCases.HomePageTest"/>
  <testcase name="verifySearchVegetableIsNotPresent" time="4.562" classname="grrenKartTestCases.HomePageTest"/>
  <testcase name="verifyflightBookingLink" time="0.029" classname="grrenKartTestCases.HomePageTest"/>
  <testcase name="verifyGreenKartLogo" time="0.109" classname="grrenKartTestCases.HomePageTest"/>
  <testcase name="verifycartIcon" time="0.031" classname="grrenKartTestCases.HomePageTest"/>
  <testcase name="verify_user_add_n_Kg_vegetable" time="3.918" classname="grrenKartTestCases.HomePageTest"/>
  <testcase name="verifyitemsAndPriceSection" time="0.069" classname="grrenKartTestCases.HomePageTest"/>
  <testcase name="verifyTopDealsLink" time="0.045" classname="grrenKartTestCases.HomePageTest"/>
  <testcase name="verifyDetailsOnSearchvegetable" time="7.021" classname="grrenKartTestCases.HomePageTest"/>
</testsuite> <!-- grrenKartTestCases.HomePageTest -->
