<?xml version="1.0" encoding="UTF-8"?>
<!-- Generated by org.testng.reporters.JUnitReportReporter -->
<testsuite hostname="HIPUNL71802" name="greenKartTestCases.TopDealsTest" tests="7" failures="0" timestamp="29 Jun 2020 13:51:25 GMT" time="3.298" errors="0">
  <testcase name="verify_ascending_sorting_on_price_column" time="0.189" classname="greenKartTestCases.TopDealsTest"/>
  <testcase name="verify_descending_sorting_on_price_column" time="0.299" classname="greenKartTestCases.TopDealsTest"/>
  <testcase name="verify_descending_sorting_on_discount_price_column" time="0.263" classname="greenKartTestCases.TopDealsTest"/>
  <testcase name="verify_descending_sorting_on_veg_fruit_column" time="1.498" classname="greenKartTestCases.TopDealsTest"/>
  <testcase name="verify_ascending_sorting_on_discount_price_column" time="0.189" classname="greenKartTestCases.TopDealsTest"/>
  <testcase name="verify_ascending_sorting_on_veg_fruit_column" time="0.379" classname="greenKartTestCases.TopDealsTest"/>
  <testcase name="verify_user_is_able_to_navigate_to_Top_Deals_page" time="0.481" classname="greenKartTestCases.TopDealsTest"/>
</testsuite> <!-- greenKartTestCases.TopDealsTest -->
